<?xml version="1.0" encoding="UTF-8"?>
<beans xmlns="http://www.springframework.org/schema/beans"
	xmlns:xsi="http://www.w3.org/2001/XMLSchema-instance" xmlns:context="http://www.springframework.org/schema/context"
	xmlns:p="http://www.springframework.org/schema/p" xmlns:mvc="http://www.springframework.org/schema/mvc"
	xsi:schemaLocation="http://www.springframework.org/schema/beans 
	   		http://www.springframework.org/schema/beans/spring-beans-3.1.xsd
	   		http://www.springframework.org/schema/context
	   		http://www.springframework.org/schema/context/spring-context-3.1.xsd
			http://www.springframework.org/schema/mvc 
			http://www.springframework.org/schema/mvc/spring-mvc-3.1.xsd">

	<!-- Activates various annotations to be detected in bean classes -->
	<context:annotation-config />
	<context:property-placeholder properties-ref="deployProperties" />

	<!-- Scans the classpath for annotated components that will be auto-registered 
		as Spring beans. For example @Controller and @Service. Make sure to set the 
		correct base-package -->
	<context:component-scan base-package="org.greypowerservices.*" />

	<!-- Configures the annotation-driven Spring MVC Controller programming 
		model. Note that, with Spring 3.0, this tag works in Servlet MVC only! -->
	<mvc:annotation-driven />

	<bean id="deployProperties" class="org.springframework.beans.factory.config.PropertiesFactoryBean"
        p:location="classpath:dataBaseConnection.properties" />	
        
	<import resource="classpath:org/greypowerservices/test-greypowerservices-hibernate-context-config.xml" />
	
	<mvc:interceptors>
		<bean class="org.springframework.web.servlet.i18n.LocaleChangeInterceptor"
			p:paramName="locale" />
	</mvc:interceptors>
</beans>
